
Logfile opened on Mon Feb 10 00:50:58 2020

Waited 69 msec for asset 'body_mp_sas_urban_sniper' of type 'xmodel'.
Waited 4 msec for asset 'body_mp_sas_urban_recon' of type 'xmodel'.
Waited 1 msec for asset 'viewhands_op_force' of type 'xmodel'.
Waited 1 msec for asset 'head_mp_opforce_headwrap' of type 'xmodel'.
Loaded zone 'mp_killhouse'
WARNING: unknown dvar 'bg_shock_volume_physics' in file 'shock/default.shock'
WARNING: unknown dvar 'bg_shock_volume_auto' in file 'shock/default.shock'
WARNING: unknown dvar 'bg_shock_volume_auto2' in file 'shock/default.shock'
WARNING: unknown dvar 'bg_shock_volume_autodog' in file 'shock/default.shock'
WARNING: unknown dvar 'bg_shock_volume_bulletimpact' in file 'shock/default.shock'
WARNING: unknown dvar 'bg_shock_volume_bulletwhizby' in file 'shock/default.shock'
WARNING: unknown dvar 'bg_shock_volume_element' in file 'shock/default.shock'
WARNING: unknown dvar 'bg_shock_volume_auto2d' in file 'shock/default.shock'
WARNING: unknown dvar 'bg_shock_volume_vehicle' in file 'shock/default.shock'
WARNING: unknown dvar 'bg_shock_volume_vehiclelimited' in file 'shock/default.shock'
WARNING: unknown dvar 'bg_shock_volume_menu' in file 'shock/default.shock'
WARNING: unknown dvar 'bg_shock_volume_body' in file 'shock/default.shock'
WARNING: unknown dvar 'bg_shock_volume_body2d' in file 'shock/default.shock'
WARNING: unknown dvar 'bg_shock_volume_reload' in file 'shock/default.shock'
WARNING: unknown dvar 'bg_shock_volume_reload2d' in file 'shock/default.shock'
WARNING: unknown dvar 'bg_shock_volume_item' in file 'shock/default.shock'
WARNING: unknown dvar 'bg_shock_volume_effects1' in file 'shock/default.shock'
WARNING: unknown dvar 'bg_shock_volume_effects2' in file 'shock/default.shock'
WARNING: unknown dvar 'bg_shock_volume_weapon' in file 'shock/default.shock'
WARNING: unknown dvar 'bg_shock_volume_weapon2d' in file 'shock/default.shock'
WARNING: unknown dvar 'bg_shock_volume_nonshock' in file 'shock/default.shock'
WARNING: unknown dvar 'bg_shock_volume_voice' in file 'shock/default.shock'
WARNING: unknown dvar 'bg_shock_volume_local' in file 'shock/default.shock'
WARNING: unknown dvar 'bg_shock_volume_local2' in file 'shock/default.shock'
WARNING: unknown dvar 'bg_shock_volume_ambient' in file 'shock/default.shock'
WARNING: unknown dvar 'bg_shock_volume_hurt' in file 'shock/default.shock'
WARNING: unknown dvar 'bg_shock_volume_player1' in file 'shock/default.shock'
WARNING: unknown dvar 'bg_shock_volume_player2' in file 'shock/default.shock'
WARNING: unknown dvar 'bg_shock_volume_music' in file 'shock/default.shock'
WARNING: unknown dvar 'bg_shock_volume_musicnopause' in file 'shock/default.shock'
WARNING: unknown dvar 'bg_shock_volume_mission' in file 'shock/default.shock'
WARNING: unknown dvar 'bg_shock_volume_announcer' in file 'shock/default.shock'
WARNING: unknown dvar 'bg_shock_volume_shellshock' in file 'shock/default.shock'
WARNING: unknown dvar 'bg_shock_volume_physics' in file 'shock/flashbang.shock'
WARNING: unknown dvar 'bg_shock_volume_auto' in file 'shock/flashbang.shock'
WARNING: unknown dvar 'bg_shock_volume_auto2' in file 'shock/flashbang.shock'
WARNING: unknown dvar 'bg_shock_volume_autodog' in file 'shock/flashbang.shock'
WARNING: unknown dvar 'bg_shock_volume_bulletimpact' in file 'shock/flashbang.shock'
WARNING: unknown dvar 'bg_shock_volume_bulletwhizby' in file 'shock/flashbang.shock'
WARNING: unknown dvar 'bg_shock_volume_element' in file 'shock/flashbang.shock'
WARNING: unknown dvar 'bg_shock_volume_auto2d' in file 'shock/flashbang.shock'
WARNING: unknown dvar 'bg_shock_volume_vehicle' in file 'shock/flashbang.shock'
WARNING: unknown dvar 'bg_shock_volume_vehiclelimited' in file 'shock/flashbang.shock'
WARNING: unknown dvar 'bg_shock_volume_menu' in file 'shock/flashbang.shock'
WARNING: unknown dvar 'bg_shock_volume_body' in file 'shock/flashbang.shock'
WARNING: unknown dvar 'bg_shock_volume_body2d' in file 'shock/flashbang.shock'
WARNING: unknown dvar 'bg_shock_volume_reload' in file 'shock/flashbang.shock'
WARNING: unknown dvar 'bg_shock_volume_reload2d' in file 'shock/flashbang.shock'
WARNING: unknown dvar 'bg_shock_volume_item' in file 'shock/flashbang.shock'
WARNING: unknown dvar 'bg_shock_volume_effects1' in file 'shock/flashbang.shock'
WARNING: unknown dvar 'bg_shock_volume_effects2' in file 'shock/flashbang.shock'
WARNING: unknown dvar 'bg_shock_volume_weapon' in file 'shock/flashbang.shock'
WARNING: unknown dvar 'bg_shock_volume_weapon2d' in file 'shock/flashbang.shock'
WARNING: unknown dvar 'bg_shock_volume_nonshock' in file 'shock/flashbang.shock'
WARNING: unknown dvar 'bg_shock_volume_voice' in file 'shock/flashbang.shock'
WARNING: unknown dvar 'bg_shock_volume_local' in file 'shock/flashbang.shock'
WARNING: unknown dvar 'bg_shock_volume_local2' in file 'shock/flashbang.shock'
WARNING: unknown dvar 'bg_shock_volume_ambient' in file 'shock/flashbang.shock'
WARNING: unknown dvar 'bg_shock_volume_hurt' in file 'shock/flashbang.shock'
WARNING: unknown dvar 'bg_shock_volume_player1' in file 'shock/flashbang.shock'
WARNING: unknown dvar 'bg_shock_volume_player2' in file 'shock/flashbang.shock'
WARNING: unknown dvar 'bg_shock_volume_music' in file 'shock/flashbang.shock'
WARNING: unknown dvar 'bg_shock_volume_musicnopause' in file 'shock/flashbang.shock'
WARNING: unknown dvar 'bg_shock_volume_mission' in file 'shock/flashbang.shock'
WARNING: unknown dvar 'bg_shock_volume_announcer' in file 'shock/flashbang.shock'
WARNING: unknown dvar 'bg_shock_volume_shellshock' in file 'shock/flashbang.shock'
WARNING: unknown dvar 'bg_shock_volume_physics' in file 'shock/frag_grenade_mp.shock'
WARNING: unknown dvar 'bg_shock_volume_auto' in file 'shock/frag_grenade_mp.shock'
WARNING: unknown dvar 'bg_shock_volume_auto2' in file 'shock/frag_grenade_mp.shock'
WARNING: unknown dvar 'bg_shock_volume_autodog' in file 'shock/frag_grenade_mp.shock'
WARNING: unknown dvar 'bg_shock_volume_bulletimpact' in file 'shock/frag_grenade_mp.shock'
WARNING: unknown dvar 'bg_shock_volume_bulletwhizby' in file 'shock/frag_grenade_mp.shock'
WARNING: unknown dvar 'bg_shock_volume_element' in file 'shock/frag_grenade_mp.shock'
WARNING: unknown dvar 'bg_shock_volume_auto2d' in file 'shock/frag_grenade_mp.shock'
WARNING: unknown dvar 'bg_shock_volume_vehicle' in file 'shock/frag_grenade_mp.shock'
WARNING: unknown dvar 'bg_shock_volume_vehiclelimited' in file 'shock/frag_grenade_mp.shock'
WARNING: unknown dvar 'bg_shock_volume_menu' in file 'shock/frag_grenade_mp.shock'
WARNING: unknown dvar 'bg_shock_volume_body' in file 'shock/frag_grenade_mp.shock'
WARNING: unknown dvar 'bg_shock_volume_body2d' in file 'shock/frag_grenade_mp.shock'
WARNING: unknown dvar 'bg_shock_volume_reload' in file 'shock/frag_grenade_mp.shock'
WARNING: unknown dvar 'bg_shock_volume_reload2d' in file 'shock/frag_grenade_mp.shock'
WARNING: unknown dvar 'bg_shock_volume_item' in file 'shock/frag_grenade_mp.shock'
WARNING: unknown dvar 'bg_shock_volume_effects1' in file 'shock/frag_grenade_mp.shock'
WARNING: unknown dvar 'bg_shock_volume_effects2' in file 'shock/frag_grenade_mp.shock'
WARNING: unknown dvar 'bg_shock_volume_weapon' in file 'shock/frag_grenade_mp.shock'
WARNING: unknown dvar 'bg_shock_volume_weapon2d' in file 'shock/frag_grenade_mp.shock'
WARNING: unknown dvar 'bg_shock_volume_nonshock' in file 'shock/frag_grenade_mp.shock'
WARNING: unknown dvar 'bg_shock_volume_voice' in file 'shock/frag_grenade_mp.shock'
WARNING: unknown dvar 'bg_shock_volume_local' in file 'shock/frag_grenade_mp.shock'
WARNING: unknown dvar 'bg_shock_volume_local2' in file 'shock/frag_grenade_mp.shock'
WARNING: unknown dvar 'bg_shock_volume_ambient' in file 'shock/frag_grenade_mp.shock'
WARNING: unknown dvar 'bg_shock_volume_hurt' in file 'shock/frag_grenade_mp.shock'
WARNING: unknown dvar 'bg_shock_volume_player1' in file 'shock/frag_grenade_mp.shock'
WARNING: unknown dvar 'bg_shock_volume_player2' in file 'shock/frag_grenade_mp.shock'
WARNING: unknown dvar 'bg_shock_volume_music' in file 'shock/frag_grenade_mp.shock'
WARNING: unknown dvar 'bg_shock_volume_musicnopause' in file 'shock/frag_grenade_mp.shock'
WARNING: unknown dvar 'bg_shock_volume_mission' in file 'shock/frag_grenade_mp.shock'
WARNING: unknown dvar 'bg_shock_volume_announcer' in file 'shock/frag_grenade_mp.shock'
WARNING: unknown dvar 'bg_shock_volume_shellshock' in file 'shock/frag_grenade_mp.shock'
WARNING: unknown dvar 'bg_shock_volume_physics' in file 'shock/damage_mp.shock'
WARNING: unknown dvar 'bg_shock_volume_auto' in file 'shock/damage_mp.shock'
WARNING: unknown dvar 'bg_shock_volume_auto2' in file 'shock/damage_mp.shock'
WARNING: unknown dvar 'bg_shock_volume_autodog' in file 'shock/damage_mp.shock'
WARNING: unknown dvar 'bg_shock_volume_bulletimpact' in file 'shock/damage_mp.shock'
WARNING: unknown dvar 'bg_shock_volume_bulletwhizby' in file 'shock/damage_mp.shock'
WARNING: unknown dvar 'bg_shock_volume_element' in file 'shock/damage_mp.shock'
WARNING: unknown dvar 'bg_shock_volume_auto2d' in file 'shock/damage_mp.shock'
WARNING: unknown dvar 'bg_shock_volume_vehicle' in file 'shock/damage_mp.shock'
WARNING: unknown dvar 'bg_shock_volume_vehiclelimited' in file 'shock/damage_mp.shock'
WARNING: unknown dvar 'bg_shock_volume_menu' in file 'shock/damage_mp.shock'
WARNING: unknown dvar 'bg_shock_volume_body' in file 'shock/damage_mp.shock'
WARNING: unknown dvar 'bg_shock_volume_body2d' in file 'shock/damage_mp.shock'
WARNING: unknown dvar 'bg_shock_volume_reload' in file 'shock/damage_mp.shock'
WARNING: unknown dvar 'bg_shock_volume_reload2d' in file 'shock/damage_mp.shock'
WARNING: unknown dvar 'bg_shock_volume_item' in file 'shock/damage_mp.shock'
WARNING: unknown dvar 'bg_shock_volume_effects1' in file 'shock/damage_mp.shock'
WARNING: unknown dvar 'bg_shock_volume_effects2' in file 'shock/damage_mp.shock'
WARNING: unknown dvar 'bg_shock_volume_weapon' in file 'shock/damage_mp.shock'
WARNING: unknown dvar 'bg_shock_volume_weapon2d' in file 'shock/damage_mp.shock'
WARNING: unknown dvar 'bg_shock_volume_nonshock' in file 'shock/damage_mp.shock'
WARNING: unknown dvar 'bg_shock_volume_voice' in file 'shock/damage_mp.shock'
WARNING: unknown dvar 'bg_shock_volume_local' in file 'shock/damage_mp.shock'
WARNING: unknown dvar 'bg_shock_volume_local2' in file 'shock/damage_mp.shock'
WARNING: unknown dvar 'bg_shock_volume_ambient' in file 'shock/damage_mp.shock'
WARNING: unknown dvar 'bg_shock_volume_hurt' in file 'shock/damage_mp.shock'
WARNING: unknown dvar 'bg_shock_volume_player1' in file 'shock/damage_mp.shock'
WARNING: unknown dvar 'bg_shock_volume_player2' in file 'shock/damage_mp.shock'
WARNING: unknown dvar 'bg_shock_volume_music' in file 'shock/damage_mp.shock'
WARNING: unknown dvar 'bg_shock_volume_musicnopause' in file 'shock/damage_mp.shock'
WARNING: unknown dvar 'bg_shock_volume_mission' in file 'shock/damage_mp.shock'
WARNING: unknown dvar 'bg_shock_volume_announcer' in file 'shock/damage_mp.shock'
WARNING: unknown dvar 'bg_shock_volume_shellshock' in file 'shock/damage_mp.shock'
WARNING: unknown dvar 'bg_shock_volume_physics' in file 'shock/frag_grenade_mp.shock'
WARNING: unknown dvar 'bg_shock_volume_auto' in file 'shock/frag_grenade_mp.shock'
WARNING: unknown dvar 'bg_shock_volume_auto2' in file 'shock/frag_grenade_mp.shock'
WARNING: unknown dvar 'bg_shock_volume_autodog' in file 'shock/frag_grenade_mp.shock'
WARNING: unknown dvar 'bg_shock_volume_bulletimpact' in file 'shock/frag_grenade_mp.shock'
WARNING: unknown dvar 'bg_shock_volume_bulletwhizby' in file 'shock/frag_grenade_mp.shock'
WARNING: unknown dvar 'bg_shock_volume_element' in file 'shock/frag_grenade_mp.shock'
WARNING: unknown dvar 'bg_shock_volume_auto2d' in file 'shock/frag_grenade_mp.shock'
WARNING: unknown dvar 'bg_shock_volume_vehicle' in file 'shock/frag_grenade_mp.shock'
WARNING: unknown dvar 'bg_shock_volume_vehiclelimited' in file 'shock/frag_grenade_mp.shock'
WARNING: unknown dvar 'bg_shock_volume_menu' in file 'shock/frag_grenade_mp.shock'
WARNING: unknown dvar 'bg_shock_volume_body' in file 'shock/frag_grenade_mp.shock'
WARNING: unknown dvar 'bg_shock_volume_body2d' in file 'shock/frag_grenade_mp.shock'
WARNING: unknown dvar 'bg_shock_volume_reload' in file 'shock/frag_grenade_mp.shock'
WARNING: unknown dvar 'bg_shock_volume_reload2d' in file 'shock/frag_grenade_mp.shock'
WARNING: unknown dvar 'bg_shock_volume_item' in file 'shock/frag_grenade_mp.shock'
WARNING: unknown dvar 'bg_shock_volume_effects1' in file 'shock/frag_grenade_mp.shock'
WARNING: unknown dvar 'bg_shock_volume_effects2' in file 'shock/frag_grenade_mp.shock'
WARNING: unknown dvar 'bg_shock_volume_weapon' in file 'shock/frag_grenade_mp.shock'
WARNING: unknown dvar 'bg_shock_volume_weapon2d' in file 'shock/frag_grenade_mp.shock'
WARNING: unknown dvar 'bg_shock_volume_nonshock' in file 'shock/frag_grenade_mp.shock'
WARNING: unknown dvar 'bg_shock_volume_voice' in file 'shock/frag_grenade_mp.shock'
WARNING: unknown dvar 'bg_shock_volume_local' in file 'shock/frag_grenade_mp.shock'
WARNING: unknown dvar 'bg_shock_volume_local2' in file 'shock/frag_grenade_mp.shock'
WARNING: unknown dvar 'bg_shock_volume_ambient' in file 'shock/frag_grenade_mp.shock'
WARNING: unknown dvar 'bg_shock_volume_hurt' in file 'shock/frag_grenade_mp.shock'
WARNING: unknown dvar 'bg_shock_volume_player1' in file 'shock/frag_grenade_mp.shock'
WARNING: unknown dvar 'bg_shock_volume_player2' in file 'shock/frag_grenade_mp.shock'
WARNING: unknown dvar 'bg_shock_volume_music' in file 'shock/frag_grenade_mp.shock'
WARNING: unknown dvar 'bg_shock_volume_musicnopause' in file 'shock/frag_grenade_mp.shock'
WARNING: unknown dvar 'bg_shock_volume_mission' in file 'shock/frag_grenade_mp.shock'
WARNING: unknown dvar 'bg_shock_volume_announcer' in file 'shock/frag_grenade_mp.shock'
WARNING: unknown dvar 'bg_shock_volume_shellshock' in file 'shock/frag_grenade_mp.shock'
-----------------------------------
Working directory: C:\Users\Benshoff\Desktop\Call of Duty 4
Warning: Hitch warning: 5444 msec frame time
Huffman Took 3 Milliseconds
Resolving cod4master.activision.com
cod4master.activision.com resolved to 185.34.107.159:20810
Sending heartbeat to cod4master.activision.com
Resolving cod4master.activision.com
cod4master.activision.com resolved to 185.34.107.159:20800
Client 1 connecting with 50 challenge ping from 192.168.1.1:28960
Going from CS_FREE to CS_CONNECTED for  (num 0 guid "33d4d21c7930cfcfaf99a4f7d4558523")
Received packet 0 of stats data
Sending heartbeat to cod4master.activision.com
Received packet 1 of stats data
Received packet 2 of stats data
Received packet 3 of stats data
Received packet 4 of stats data
Received packet 5 of stats data
Received packet 6 of stats data
clientDownload: 0 : beginning "mods/mtl_sniper/promodlive211.iwd"
clientDownload: 0 : file "mods/mtl_sniper/promodlive211.iwd" completed
clientDownload: 0 : beginning "mods/mtl_sniper/mod.ff"
clientDownload: 0 : file "mods/mtl_sniper/mod.ff" completed
Client 2 connecting with 0 challenge ping from 192.168.1.1:11381
Going from CS_FREE to CS_CONNECTED for  (num 1 guid "e2d2c0e69b628210b54296885bdab55e")
Received packet 0 of stats data
Received packet 1 of stats data
Received packet 2 of stats data
Received packet 3 of stats data
Received packet 4 of stats data
Received packet 5 of stats data
Received packet 6 of stats data
clientDownload: 1 : beginning "mods/mtl_sniper/promodlive211.iwd"
Sending heartbeat to cod4master.activision.com
clientDownload: 1 : file "mods/mtl_sniper/promodlive211.iwd" completed
clientDownload: 1 : beginning "mods/mtl_sniper/mod.ff"
clientDownload: 1 : file "mods/mtl_sniper/mod.ff" completed
Sending heartbeat to cod4master.activision.com
Sending heartbeat to cod4master.activision.com
1:Agent Orange EXE_DISCONNECTED
map_rotate...

"sv_mapRotation" is:"gametype dm map mp_killhouse gametype dm map mp_shipment gametype dm map mp_poolparty gametype dm map mp_poolday"

"sv_mapRotationCurrent" is:" gametype dm map mp_shipment gametype dm map mp_poolparty gametype dm map mp_poolday"

Setting g_gametype: dm.
Setting map: mp_shipment.
Unknown command "selectStringTableEntryInDvar"
==== ShutdownGame (1) ====
------ Server Initialization ------
Server: mp_shipment
Current language: english
Current search path:
C:\Users\Benshoff\Desktop\Call of Duty 4\mods\mtl_sniper\z_songs.iwd (29 files)
C:\Users\Benshoff\Desktop\Call of Duty 4\mods\mtl_sniper\promodlive211.iwd (72 files)
C:\Users\Benshoff\Desktop\Call of Duty 4/mods/mtl_sniper
C:\Users\Benshoff\Desktop\Call of Duty 4\main\iw_13.iwd (265 files)
C:\Users\Benshoff\Desktop\Call of Duty 4\main\iw_12.iwd (33 files)
C:\Users\Benshoff\Desktop\Call of Duty 4\main\iw_11.iwd (448 files)
C:\Users\Benshoff\Desktop\Call of Duty 4\main\iw_10.iwd (230 files)
C:\Users\Benshoff\Desktop\Call of Duty 4\main\iw_09.iwd (447 files)
C:\Users\Benshoff\Desktop\Call of Duty 4\main\iw_08.iwd (66 files)
C:\Users\Benshoff\Desktop\Call of Duty 4\main\iw_07.iwd (34 files)
C:\Users\Benshoff\Desktop\Call of Duty 4\main\iw_06.iwd (416 files)
C:\Users\Benshoff\Desktop\Call of Duty 4\main\iw_05.iwd (716 files)
C:\Users\Benshoff\Desktop\Call of Duty 4\main\iw_04.iwd (765 files)
C:\Users\Benshoff\Desktop\Call of Duty 4\main\iw_03.iwd (670 files)
C:\Users\Benshoff\Desktop\Call of Duty 4\main\iw_02.iwd (1296 files)
C:\Users\Benshoff\Desktop\Call of Duty 4\main\iw_01.iwd (1456 files)
C:\Users\Benshoff\Desktop\Call of Duty 4\main\iw_00.iwd (1054 files)
C:\Users\Benshoff\Desktop\Call of Duty 4/main
C:\Users\Benshoff\Desktop\Call of Duty 4/main_shared
C:\Users\Benshoff\Desktop\Call of Duty 4/players
C:\Users\Benshoff\Desktop\Call of Duty 4\main\localized_english_iw06.iwd (7 files)
    localized assets iwd file for english
C:\Users\Benshoff\Desktop\Call of Duty 4\main\localized_english_iw05.iwd (1338 files)
    localized assets iwd file for english
C:\Users\Benshoff\Desktop\Call of Duty 4\main\localized_english_iw04.iwd (1730 files)
    localized assets iwd file for english
C:\Users\Benshoff\Desktop\Call of Duty 4\main\localized_english_iw03.iwd (3705 files)
    localized assets iwd file for english
C:\Users\Benshoff\Desktop\Call of Duty 4\main\localized_english_iw02.iwd (3483 files)
    localized assets iwd file for english
C:\Users\Benshoff\Desktop\Call of Duty 4\main\localized_english_iw01.iwd (3181 files)
    localized assets iwd file for english
C:\Users\Benshoff\Desktop\Call of Duty 4\main\localized_english_iw00.iwd (2903 files)
    localized assets iwd file for english

File Handles:
handle 2: console_mp.log
----------------------
73032 files in iwd files
Unloaded fastfile mp_killhouse
Loading fastfile mp_shipment
Waited 160 msec for asset 'maps/mp/mp_shipment.d3dbsp' of type 'col_map_mp'.
------- Game Initialization -------
gamename: Call of Duty 4
gamedate: Jun 18 2008
-----------------------------------
Waited 31 msec for asset 'body_mp_sas_urban_sniper' of type 'xmodel'.
Waited 4 msec for asset 'body_mp_sas_urban_recon' of type 'xmodel'.
Waited 3 msec for asset 'body_mp_opforce_support' of type 'xmodel'.
Loaded zone 'mp_shipment'
Waited 2 msec for asset 'head_mp_opforce_gasmask' of type 'xmodel'.
WARNING: unknown dvar 'bg_shock_volume_physics' in file 'shock/default.shock'
WARNING: unknown dvar 'bg_shock_volume_auto' in file 'shock/default.shock'
WARNING: unknown dvar 'bg_shock_volume_auto2' in file 'shock/default.shock'
WARNING: unknown dvar 'bg_shock_volume_autodog' in file 'shock/default.shock'
WARNING: unknown dvar 'bg_shock_volume_bulletimpact' in file 'shock/default.shock'
WARNING: unknown dvar 'bg_shock_volume_bulletwhizby' in file 'shock/default.shock'
WARNING: unknown dvar 'bg_shock_volume_element' in file 'shock/default.shock'
WARNING: unknown dvar 'bg_shock_volume_auto2d' in file 'shock/default.shock'
WARNING: unknown dvar 'bg_shock_volume_vehicle' in file 'shock/default.shock'
WARNING: unknown dvar 'bg_shock_volume_vehiclelimited' in file 'shock/default.shock'
WARNING: unknown dvar 'bg_shock_volume_menu' in file 'shock/default.shock'
WARNING: unknown dvar 'bg_shock_volume_body' in file 'shock/default.shock'
WARNING: unknown dvar 'bg_shock_volume_body2d' in file 'shock/default.shock'
WARNING: unknown dvar 'bg_shock_volume_reload' in file 'shock/default.shock'
WARNING: unknown dvar 'bg_shock_volume_reload2d' in file 'shock/default.shock'
WARNING: unknown dvar 'bg_shock_volume_item' in file 'shock/default.shock'
WARNING: unknown dvar 'bg_shock_volume_effects1' in file 'shock/default.shock'
WARNING: unknown dvar 'bg_shock_volume_effects2' in file 'shock/default.shock'
WARNING: unknown dvar 'bg_shock_volume_weapon' in file 'shock/default.shock'
WARNING: unknown dvar 'bg_shock_volume_weapon2d' in file 'shock/default.shock'
WARNING: unknown dvar 'bg_shock_volume_nonshock' in file 'shock/default.shock'
WARNING: unknown dvar 'bg_shock_volume_voice' in file 'shock/default.shock'
WARNING: unknown dvar 'bg_shock_volume_local' in file 'shock/default.shock'
WARNING: unknown dvar 'bg_shock_volume_local2' in file 'shock/default.shock'
WARNING: unknown dvar 'bg_shock_volume_ambient' in file 'shock/default.shock'
WARNING: unknown dvar 'bg_shock_volume_hurt' in file 'shock/default.shock'
WARNING: unknown dvar 'bg_shock_volume_player1' in file 'shock/default.shock'
WARNING: unknown dvar 'bg_shock_volume_player2' in file 'shock/default.shock'
WARNING: unknown dvar 'bg_shock_volume_music' in file 'shock/default.shock'
WARNING: unknown dvar 'bg_shock_volume_musicnopause' in file 'shock/default.shock'
WARNING: unknown dvar 'bg_shock_volume_mission' in file 'shock/default.shock'
WARNING: unknown dvar 'bg_shock_volume_announcer' in file 'shock/default.shock'
WARNING: unknown dvar 'bg_shock_volume_shellshock' in file 'shock/default.shock'
WARNING: unknown dvar 'bg_shock_volume_physics' in file 'shock/flashbang.shock'
WARNING: unknown dvar 'bg_shock_volume_auto' in file 'shock/flashbang.shock'
WARNING: unknown dvar 'bg_shock_volume_auto2' in file 'shock/flashbang.shock'
WARNING: unknown dvar 'bg_shock_volume_autodog' in file 'shock/flashbang.shock'
WARNING: unknown dvar 'bg_shock_volume_bulletimpact' in file 'shock/flashbang.shock'
WARNING: unknown dvar 'bg_shock_volume_bulletwhizby' in file 'shock/flashbang.shock'
WARNING: unknown dvar 'bg_shock_volume_element' in file 'shock/flashbang.shock'
WARNING: unknown dvar 'bg_shock_volume_auto2d' in file 'shock/flashbang.shock'
WARNING: unknown dvar 'bg_shock_volume_vehicle' in file 'shock/flashbang.shock'
WARNING: unknown dvar 'bg_shock_volume_vehiclelimited' in file 'shock/flashbang.shock'
WARNING: unknown dvar 'bg_shock_volume_menu' in file 'shock/flashbang.shock'
WARNING: unknown dvar 'bg_shock_volume_body' in file 'shock/flashbang.shock'
WARNING: unknown dvar 'bg_shock_volume_body2d' in file 'shock/flashbang.shock'
WARNING: unknown dvar 'bg_shock_volume_reload' in file 'shock/flashbang.shock'
WARNING: unknown dvar 'bg_shock_volume_reload2d' in file 'shock/flashbang.shock'
WARNING: unknown dvar 'bg_shock_volume_item' in file 'shock/flashbang.shock'
WARNING: unknown dvar 'bg_shock_volume_effects1' in file 'shock/flashbang.shock'
WARNING: unknown dvar 'bg_shock_volume_effects2' in file 'shock/flashbang.shock'
WARNING: unknown dvar 'bg_shock_volume_weapon' in file 'shock/flashbang.shock'
WARNING: unknown dvar 'bg_shock_volume_weapon2d' in file 'shock/flashbang.shock'
WARNING: unknown dvar 'bg_shock_volume_nonshock' in file 'shock/flashbang.shock'
WARNING: unknown dvar 'bg_shock_volume_voice' in file 'shock/flashbang.shock'
WARNING: unknown dvar 'bg_shock_volume_local' in file 'shock/flashbang.shock'
WARNING: unknown dvar 'bg_shock_volume_local2' in file 'shock/flashbang.shock'
WARNING: unknown dvar 'bg_shock_volume_ambient' in file 'shock/flashbang.shock'
WARNING: unknown dvar 'bg_shock_volume_hurt' in file 'shock/flashbang.shock'
WARNING: unknown dvar 'bg_shock_volume_player1' in file 'shock/flashbang.shock'
WARNING: unknown dvar 'bg_shock_volume_player2' in file 'shock/flashbang.shock'
WARNING: unknown dvar 'bg_shock_volume_music' in file 'shock/flashbang.shock'
WARNING: unknown dvar 'bg_shock_volume_musicnopause' in file 'shock/flashbang.shock'
WARNING: unknown dvar 'bg_shock_volume_mission' in file 'shock/flashbang.shock'
WARNING: unknown dvar 'bg_shock_volume_announcer' in file 'shock/flashbang.shock'
WARNING: unknown dvar 'bg_shock_volume_shellshock' in file 'shock/flashbang.shock'
WARNING: unknown dvar 'bg_shock_volume_physics' in file 'shock/frag_grenade_mp.shock'
WARNING: unknown dvar 'bg_shock_volume_auto' in file 'shock/frag_grenade_mp.shock'
WARNING: unknown dvar 'bg_shock_volume_auto2' in file 'shock/frag_grenade_mp.shock'
WARNING: unknown dvar 'bg_shock_volume_autodog' in file 'shock/frag_grenade_mp.shock'
WARNING: unknown dvar 'bg_shock_volume_bulletimpact' in file 'shock/frag_grenade_mp.shock'
WARNING: unknown dvar 'bg_shock_volume_bulletwhizby' in file 'shock/frag_grenade_mp.shock'
WARNING: unknown dvar 'bg_shock_volume_element' in file 'shock/frag_grenade_mp.shock'
WARNING: unknown dvar 'bg_shock_volume_auto2d' in file 'shock/frag_grenade_mp.shock'
WARNING: unknown dvar 'bg_shock_volume_vehicle' in file 'shock/frag_grenade_mp.shock'
WARNING: unknown dvar 'bg_shock_volume_vehiclelimited' in file 'shock/frag_grenade_mp.shock'
WARNING: unknown dvar 'bg_shock_volume_menu' in file 'shock/frag_grenade_mp.shock'
WARNING: unknown dvar 'bg_shock_volume_body' in file 'shock/frag_grenade_mp.shock'
WARNING: unknown dvar 'bg_shock_volume_body2d' in file 'shock/frag_grenade_mp.shock'
WARNING: unknown dvar 'bg_shock_volume_reload' in file 'shock/frag_grenade_mp.shock'
WARNING: unknown dvar 'bg_shock_volume_reload2d' in file 'shock/frag_grenade_mp.shock'
WARNING: unknown dvar 'bg_shock_volume_item' in file 'shock/frag_grenade_mp.shock'
WARNING: unknown dvar 'bg_shock_volume_effects1' in file 'shock/frag_grenade_mp.shock'
WARNING: unknown dvar 'bg_shock_volume_effects2' in file 'shock/frag_grenade_mp.shock'
WARNING: unknown dvar 'bg_shock_volume_weapon' in file 'shock/frag_grenade_mp.shock'
WARNING: unknown dvar 'bg_shock_volume_weapon2d' in file 'shock/frag_grenade_mp.shock'
WARNING: unknown dvar 'bg_shock_volume_nonshock' in file 'shock/frag_grenade_mp.shock'
WARNING: unknown dvar 'bg_shock_volume_voice' in file 'shock/frag_grenade_mp.shock'
WARNING: unknown dvar 'bg_shock_volume_local' in file 'shock/frag_grenade_mp.shock'
WARNING: unknown dvar 'bg_shock_volume_local2' in file 'shock/frag_grenade_mp.shock'
WARNING: unknown dvar 'bg_shock_volume_ambient' in file 'shock/frag_grenade_mp.shock'
WARNING: unknown dvar 'bg_shock_volume_hurt' in file 'shock/frag_grenade_mp.shock'
WARNING: unknown dvar 'bg_shock_volume_player1' in file 'shock/frag_grenade_mp.shock'
WARNING: unknown dvar 'bg_shock_volume_player2' in file 'shock/frag_grenade_mp.shock'
WARNING: unknown dvar 'bg_shock_volume_music' in file 'shock/frag_grenade_mp.shock'
WARNING: unknown dvar 'bg_shock_volume_musicnopause' in file 'shock/frag_grenade_mp.shock'
WARNING: unknown dvar 'bg_shock_volume_mission' in file 'shock/frag_grenade_mp.shock'
WARNING: unknown dvar 'bg_shock_volume_announcer' in file 'shock/frag_grenade_mp.shock'
WARNING: unknown dvar 'bg_shock_volume_shellshock' in file 'shock/frag_grenade_mp.shock'
WARNING: unknown dvar 'bg_shock_volume_physics' in file 'shock/damage_mp.shock'
WARNING: unknown dvar 'bg_shock_volume_auto' in file 'shock/damage_mp.shock'
WARNING: unknown dvar 'bg_shock_volume_auto2' in file 'shock/damage_mp.shock'
WARNING: unknown dvar 'bg_shock_volume_autodog' in file 'shock/damage_mp.shock'
WARNING: unknown dvar 'bg_shock_volume_bulletimpact' in file 'shock/damage_mp.shock'
WARNING: unknown dvar 'bg_shock_volume_bulletwhizby' in file 'shock/damage_mp.shock'
WARNING: unknown dvar 'bg_shock_volume_element' in file 'shock/damage_mp.shock'
WARNING: unknown dvar 'bg_shock_volume_auto2d' in file 'shock/damage_mp.shock'
WARNING: unknown dvar 'bg_shock_volume_vehicle' in file 'shock/damage_mp.shock'
WARNING: unknown dvar 'bg_shock_volume_vehiclelimited' in file 'shock/damage_mp.shock'
WARNING: unknown dvar 'bg_shock_volume_menu' in file 'shock/damage_mp.shock'
WARNING: unknown dvar 'bg_shock_volume_body' in file 'shock/damage_mp.shock'
WARNING: unknown dvar 'bg_shock_volume_body2d' in file 'shock/damage_mp.shock'
WARNING: unknown dvar 'bg_shock_volume_reload' in file 'shock/damage_mp.shock'
WARNING: unknown dvar 'bg_shock_volume_reload2d' in file 'shock/damage_mp.shock'
WARNING: unknown dvar 'bg_shock_volume_item' in file 'shock/damage_mp.shock'
WARNING: unknown dvar 'bg_shock_volume_effects1' in file 'shock/damage_mp.shock'
WARNING: unknown dvar 'bg_shock_volume_effects2' in file 'shock/damage_mp.shock'
WARNING: unknown dvar 'bg_shock_volume_weapon' in file 'shock/damage_mp.shock'
WARNING: unknown dvar 'bg_shock_volume_weapon2d' in file 'shock/damage_mp.shock'
WARNING: unknown dvar 'bg_shock_volume_nonshock' in file 'shock/damage_mp.shock'
WARNING: unknown dvar 'bg_shock_volume_voice' in file 'shock/damage_mp.shock'
WARNING: unknown dvar 'bg_shock_volume_local' in file 'shock/damage_mp.shock'
WARNING: unknown dvar 'bg_shock_volume_local2' in file 'shock/damage_mp.shock'
WARNING: unknown dvar 'bg_shock_volume_ambient' in file 'shock/damage_mp.shock'
WARNING: unknown dvar 'bg_shock_volume_hurt' in file 'shock/damage_mp.shock'
WARNING: unknown dvar 'bg_shock_volume_player1' in file 'shock/damage_mp.shock'
WARNING: unknown dvar 'bg_shock_volume_player2' in file 'shock/damage_mp.shock'
WARNING: unknown dvar 'bg_shock_volume_music' in file 'shock/damage_mp.shock'
WARNING: unknown dvar 'bg_shock_volume_musicnopause' in file 'shock/damage_mp.shock'
WARNING: unknown dvar 'bg_shock_volume_mission' in file 'shock/damage_mp.shock'
WARNING: unknown dvar 'bg_shock_volume_announcer' in file 'shock/damage_mp.shock'
WARNING: unknown dvar 'bg_shock_volume_shellshock' in file 'shock/damage_mp.shock'
WARNING: unknown dvar 'bg_shock_volume_physics' in file 'shock/frag_grenade_mp.shock'
WARNING: unknown dvar 'bg_shock_volume_auto' in file 'shock/frag_grenade_mp.shock'
WARNING: unknown dvar 'bg_shock_volume_auto2' in file 'shock/frag_grenade_mp.shock'
WARNING: unknown dvar 'bg_shock_volume_autodog' in file 'shock/frag_grenade_mp.shock'
WARNING: unknown dvar 'bg_shock_volume_bulletimpact' in file 'shock/frag_grenade_mp.shock'
WARNING: unknown dvar 'bg_shock_volume_bulletwhizby' in file 'shock/frag_grenade_mp.shock'
WARNING: unknown dvar 'bg_shock_volume_element' in file 'shock/frag_grenade_mp.shock'
WARNING: unknown dvar 'bg_shock_volume_auto2d' in file 'shock/frag_grenade_mp.shock'
WARNING: unknown dvar 'bg_shock_volume_vehicle' in file 'shock/frag_grenade_mp.shock'
WARNING: unknown dvar 'bg_shock_volume_vehiclelimited' in file 'shock/frag_grenade_mp.shock'
WARNING: unknown dvar 'bg_shock_volume_menu' in file 'shock/frag_grenade_mp.shock'
WARNING: unknown dvar 'bg_shock_volume_body' in file 'shock/frag_grenade_mp.shock'
WARNING: unknown dvar 'bg_shock_volume_body2d' in file 'shock/frag_grenade_mp.shock'
WARNING: unknown dvar 'bg_shock_volume_reload' in file 'shock/frag_grenade_mp.shock'
WARNING: unknown dvar 'bg_shock_volume_reload2d' in file 'shock/frag_grenade_mp.shock'
WARNING: unknown dvar 'bg_shock_volume_item' in file 'shock/frag_grenade_mp.shock'
WARNING: unknown dvar 'bg_shock_volume_effects1' in file 'shock/frag_grenade_mp.shock'
WARNING: unknown dvar 'bg_shock_volume_effects2' in file 'shock/frag_grenade_mp.shock'
WARNING: unknown dvar 'bg_shock_volume_weapon' in file 'shock/frag_grenade_mp.shock'
WARNING: unknown dvar 'bg_shock_volume_weapon2d' in file 'shock/frag_grenade_mp.shock'
WARNING: unknown dvar 'bg_shock_volume_nonshock' in file 'shock/frag_grenade_mp.shock'
WARNING: unknown dvar 'bg_shock_volume_voice' in file 'shock/frag_grenade_mp.shock'
WARNING: unknown dvar 'bg_shock_volume_local' in file 'shock/frag_grenade_mp.shock'
WARNING: unknown dvar 'bg_shock_volume_local2' in file 'shock/frag_grenade_mp.shock'
WARNING: unknown dvar 'bg_shock_volume_ambient' in file 'shock/frag_grenade_mp.shock'
WARNING: unknown dvar 'bg_shock_volume_hurt' in file 'shock/frag_grenade_mp.shock'
WARNING: unknown dvar 'bg_shock_volume_player1' in file 'shock/frag_grenade_mp.shock'
WARNING: unknown dvar 'bg_shock_volume_player2' in file 'shock/frag_grenade_mp.shock'
WARNING: unknown dvar 'bg_shock_volume_music' in file 'shock/frag_grenade_mp.shock'
WARNING: unknown dvar 'bg_shock_volume_musicnopause' in file 'shock/frag_grenade_mp.shock'
WARNING: unknown dvar 'bg_shock_volume_mission' in file 'shock/frag_grenade_mp.shock'
WARNING: unknown dvar 'bg_shock_volume_announcer' in file 'shock/frag_grenade_mp.shock'
WARNING: unknown dvar 'bg_shock_volume_shellshock' in file 'shock/frag_grenade_mp.shock'
-----------------------------------
PunkBuster Server: 0 Aliases Written to pbalias.dat
PunkBuster Server: 0 Stat Records Written to pbstat.dat
PunkBuster Server: Preparing to Disable PB Server... (C:\Users\Benshoff\Desktop\Call of Duty 4\pb\)
Received packet 0 of stats data
Warning: Hitch warning: 3428 msec frame time
Sending heartbeat to cod4master.activision.com
Received packet 1 of stats data
Received packet 2 of stats data
Received packet 3 of stats data
Received packet 4 of stats data
Received packet 5 of stats data
Received packet 6 of stats data
0:Rumsfield EXE_DISCONNECTED
Sending heartbeat to cod4master.activision.com
Sending heartbeat to cod4master.activision.com
Sending heartbeat to cod4master.activision.com
Sending heartbeat to cod4master.activision.com
map_rotate...

"sv_mapRotation" is:"gametype dm map mp_killhouse gametype dm map mp_shipment gametype dm map mp_poolparty gametype dm map mp_poolday"

"sv_mapRotationCurrent" is:" gametype dm map mp_poolparty gametype dm map mp_poolday"

Setting g_gametype: dm.
Setting map: mp_poolparty.
Unknown command "selectStringTableEntryInDvar"
==== ShutdownGame (1) ====
------ Server Initialization ------
Server: mp_poolparty
Current language: english
Current search path:
C:\Users\Benshoff\Desktop\Call of Duty 4\mods\mtl_sniper\z_songs.iwd (29 files)
C:\Users\Benshoff\Desktop\Call of Duty 4\mods\mtl_sniper\promodlive211.iwd (72 files)
C:\Users\Benshoff\Desktop\Call of Duty 4/mods/mtl_sniper
C:\Users\Benshoff\Desktop\Call of Duty 4\main\iw_13.iwd (265 files)
C:\Users\Benshoff\Desktop\Call of Duty 4\main\iw_12.iwd (33 files)
C:\Users\Benshoff\Desktop\Call of Duty 4\main\iw_11.iwd (448 files)
C:\Users\Benshoff\Desktop\Call of Duty 4\main\iw_10.iwd (230 files)
C:\Users\Benshoff\Desktop\Call of Duty 4\main\iw_09.iwd (447 files)
C:\Users\Benshoff\Desktop\Call of Duty 4\main\iw_08.iwd (66 files)
C:\Users\Benshoff\Desktop\Call of Duty 4\main\iw_07.iwd (34 files)
C:\Users\Benshoff\Desktop\Call of Duty 4\main\iw_06.iwd (416 files)
C:\Users\Benshoff\Desktop\Call of Duty 4\main\iw_05.iwd (716 files)
C:\Users\Benshoff\Desktop\Call of Duty 4\main\iw_04.iwd (765 files)
C:\Users\Benshoff\Desktop\Call of Duty 4\main\iw_03.iwd (670 files)
C:\Users\Benshoff\Desktop\Call of Duty 4\main\iw_02.iwd (1296 files)
C:\Users\Benshoff\Desktop\Call of Duty 4\main\iw_01.iwd (1456 files)
C:\Users\Benshoff\Desktop\Call of Duty 4\main\iw_00.iwd (1054 files)
C:\Users\Benshoff\Desktop\Call of Duty 4/main
C:\Users\Benshoff\Desktop\Call of Duty 4/main_shared
C:\Users\Benshoff\Desktop\Call of Duty 4/players
C:\Users\Benshoff\Desktop\Call of Duty 4\main\localized_english_iw06.iwd (7 files)
    localized assets iwd file for english
C:\Users\Benshoff\Desktop\Call of Duty 4\main\localized_english_iw05.iwd (1338 files)
    localized assets iwd file for english
C:\Users\Benshoff\Desktop\Call of Duty 4\main\localized_english_iw04.iwd (1730 files)
    localized assets iwd file for english
C:\Users\Benshoff\Desktop\Call of Duty 4\main\localized_english_iw03.iwd (3705 files)
    localized assets iwd file for english
C:\Users\Benshoff\Desktop\Call of Duty 4\main\localized_english_iw02.iwd (3483 files)
    localized assets iwd file for english
C:\Users\Benshoff\Desktop\Call of Duty 4\main\localized_english_iw01.iwd (3181 files)
    localized assets iwd file for english
C:\Users\Benshoff\Desktop\Call of Duty 4\main\localized_english_iw00.iwd (2903 files)
    localized assets iwd file for english

File Handles:
handle 2: console_mp.log
----------------------
97376 files in iwd files
Unloaded fastfile mp_shipment
Loading fastfile mp_poolparty
Waited 55 msec for asset 'maps/mp/mp_poolparty.d3dbsp' of type 'col_map_mp'.
------- Game Initialization -------
gamename: Call of Duty 4
gamedate: Jun 18 2008
-----------------------------------
Waited 97 msec for asset 'body_mp_usmc_specops' of type 'xmodel'.
Waited 1 msec for asset 'body_mp_usmc_recon' of type 'xmodel'.
Loaded zone 'mp_poolparty'
Waited 3 msec for asset 'body_mp_usmc_support' of type 'xmodel'.
WARNING: unknown dvar 'bg_shock_volume_physics' in file 'shock/default.shock'
WARNING: unknown dvar 'bg_shock_volume_auto' in file 'shock/default.shock'
WARNING: unknown dvar 'bg_shock_volume_auto2' in file 'shock/default.shock'
WARNING: unknown dvar 'bg_shock_volume_autodog' in file 'shock/default.shock'
WARNING: unknown dvar 'bg_shock_volume_bulletimpact' in file 'shock/default.shock'
WARNING: unknown dvar 'bg_shock_volume_bulletwhizby' in file 'shock/default.shock'
WARNING: unknown dvar 'bg_shock_volume_element' in file 'shock/default.shock'
WARNING: unknown dvar 'bg_shock_volume_auto2d' in file 'shock/default.shock'
WARNING: unknown dvar 'bg_shock_volume_vehicle' in file 'shock/default.shock'
WARNING: unknown dvar 'bg_shock_volume_vehiclelimited' in file 'shock/default.shock'
WARNING: unknown dvar 'bg_shock_volume_menu' in file 'shock/default.shock'
WARNING: unknown dvar 'bg_shock_volume_body' in file 'shock/default.shock'
WARNING: unknown dvar 'bg_shock_volume_body2d' in file 'shock/default.shock'
WARNING: unknown dvar 'bg_shock_volume_reload' in file 'shock/default.shock'
WARNING: unknown dvar 'bg_shock_volume_reload2d' in file 'shock/default.shock'
WARNING: unknown dvar 'bg_shock_volume_item' in file 'shock/default.shock'
WARNING: unknown dvar 'bg_shock_volume_effects1' in file 'shock/default.shock'
WARNING: unknown dvar 'bg_shock_volume_effects2' in file 'shock/default.shock'
WARNING: unknown dvar 'bg_shock_volume_weapon' in file 'shock/default.shock'
WARNING: unknown dvar 'bg_shock_volume_weapon2d' in file 'shock/default.shock'
WARNING: unknown dvar 'bg_shock_volume_nonshock' in file 'shock/default.shock'
WARNING: unknown dvar 'bg_shock_volume_voice' in file 'shock/default.shock'
WARNING: unknown dvar 'bg_shock_volume_local' in file 'shock/default.shock'
WARNING: unknown dvar 'bg_shock_volume_local2' in file 'shock/default.shock'
WARNING: unknown dvar 'bg_shock_volume_ambient' in file 'shock/default.shock'
WARNING: unknown dvar 'bg_shock_volume_hurt' in file 'shock/default.shock'
WARNING: unknown dvar 'bg_shock_volume_player1' in file 'shock/default.shock'
WARNING: unknown dvar 'bg_shock_volume_player2' in file 'shock/default.shock'
WARNING: unknown dvar 'bg_shock_volume_music' in file 'shock/default.shock'
WARNING: unknown dvar 'bg_shock_volume_musicnopause' in file 'shock/default.shock'
WARNING: unknown dvar 'bg_shock_volume_mission' in file 'shock/default.shock'
WARNING: unknown dvar 'bg_shock_volume_announcer' in file 'shock/default.shock'
WARNING: unknown dvar 'bg_shock_volume_shellshock' in file 'shock/default.shock'
WARNING: unknown dvar 'bg_shock_volume_physics' in file 'shock/flashbang.shock'
WARNING: unknown dvar 'bg_shock_volume_auto' in file 'shock/flashbang.shock'
WARNING: unknown dvar 'bg_shock_volume_auto2' in file 'shock/flashbang.shock'
WARNING: unknown dvar 'bg_shock_volume_autodog' in file 'shock/flashbang.shock'
WARNING: unknown dvar 'bg_shock_volume_bulletimpact' in file 'shock/flashbang.shock'
WARNING: unknown dvar 'bg_shock_volume_bulletwhizby' in file 'shock/flashbang.shock'
WARNING: unknown dvar 'bg_shock_volume_element' in file 'shock/flashbang.shock'
WARNING: unknown dvar 'bg_shock_volume_auto2d' in file 'shock/flashbang.shock'
WARNING: unknown dvar 'bg_shock_volume_vehicle' in file 'shock/flashbang.shock'
WARNING: unknown dvar 'bg_shock_volume_vehiclelimited' in file 'shock/flashbang.shock'
WARNING: unknown dvar 'bg_shock_volume_menu' in file 'shock/flashbang.shock'
WARNING: unknown dvar 'bg_shock_volume_body' in file 'shock/flashbang.shock'
WARNING: unknown dvar 'bg_shock_volume_body2d' in file 'shock/flashbang.shock'
WARNING: unknown dvar 'bg_shock_volume_reload' in file 'shock/flashbang.shock'
WARNING: unknown dvar 'bg_shock_volume_reload2d' in file 'shock/flashbang.shock'
WARNING: unknown dvar 'bg_shock_volume_item' in file 'shock/flashbang.shock'
WARNING: unknown dvar 'bg_shock_volume_effects1' in file 'shock/flashbang.shock'
WARNING: unknown dvar 'bg_shock_volume_effects2' in file 'shock/flashbang.shock'
WARNING: unknown dvar 'bg_shock_volume_weapon' in file 'shock/flashbang.shock'
WARNING: unknown dvar 'bg_shock_volume_weapon2d' in file 'shock/flashbang.shock'
WARNING: unknown dvar 'bg_shock_volume_nonshock' in file 'shock/flashbang.shock'
WARNING: unknown dvar 'bg_shock_volume_voice' in file 'shock/flashbang.shock'
WARNING: unknown dvar 'bg_shock_volume_local' in file 'shock/flashbang.shock'
WARNING: unknown dvar 'bg_shock_volume_local2' in file 'shock/flashbang.shock'
WARNING: unknown dvar 'bg_shock_volume_ambient' in file 'shock/flashbang.shock'
WARNING: unknown dvar 'bg_shock_volume_hurt' in file 'shock/flashbang.shock'
WARNING: unknown dvar 'bg_shock_volume_player1' in file 'shock/flashbang.shock'
WARNING: unknown dvar 'bg_shock_volume_player2' in file 'shock/flashbang.shock'
WARNING: unknown dvar 'bg_shock_volume_music' in file 'shock/flashbang.shock'
WARNING: unknown dvar 'bg_shock_volume_musicnopause' in file 'shock/flashbang.shock'
WARNING: unknown dvar 'bg_shock_volume_mission' in file 'shock/flashbang.shock'
WARNING: unknown dvar 'bg_shock_volume_announcer' in file 'shock/flashbang.shock'
WARNING: unknown dvar 'bg_shock_volume_shellshock' in file 'shock/flashbang.shock'
WARNING: unknown dvar 'bg_shock_volume_physics' in file 'shock/frag_grenade_mp.shock'
WARNING: unknown dvar 'bg_shock_volume_auto' in file 'shock/frag_grenade_mp.shock'
WARNING: unknown dvar 'bg_shock_volume_auto2' in file 'shock/frag_grenade_mp.shock'
WARNING: unknown dvar 'bg_shock_volume_autodog' in file 'shock/frag_grenade_mp.shock'
WARNING: unknown dvar 'bg_shock_volume_bulletimpact' in file 'shock/frag_grenade_mp.shock'
WARNING: unknown dvar 'bg_shock_volume_bulletwhizby' in file 'shock/frag_grenade_mp.shock'
WARNING: unknown dvar 'bg_shock_volume_element' in file 'shock/frag_grenade_mp.shock'
WARNING: unknown dvar 'bg_shock_volume_auto2d' in file 'shock/frag_grenade_mp.shock'
WARNING: unknown dvar 'bg_shock_volume_vehicle' in file 'shock/frag_grenade_mp.shock'
WARNING: unknown dvar 'bg_shock_volume_vehiclelimited' in file 'shock/frag_grenade_mp.shock'
WARNING: unknown dvar 'bg_shock_volume_menu' in file 'shock/frag_grenade_mp.shock'
WARNING: unknown dvar 'bg_shock_volume_body' in file 'shock/frag_grenade_mp.shock'
WARNING: unknown dvar 'bg_shock_volume_body2d' in file 'shock/frag_grenade_mp.shock'
WARNING: unknown dvar 'bg_shock_volume_reload' in file 'shock/frag_grenade_mp.shock'
WARNING: unknown dvar 'bg_shock_volume_reload2d' in file 'shock/frag_grenade_mp.shock'
WARNING: unknown dvar 'bg_shock_volume_item' in file 'shock/frag_grenade_mp.shock'
WARNING: unknown dvar 'bg_shock_volume_effects1' in file 'shock/frag_grenade_mp.shock'
WARNING: unknown dvar 'bg_shock_volume_effects2' in file 'shock/frag_grenade_mp.shock'
WARNING: unknown dvar 'bg_shock_volume_weapon' in file 'shock/frag_grenade_mp.shock'
WARNING: unknown dvar 'bg_shock_volume_weapon2d' in file 'shock/frag_grenade_mp.shock'
WARNING: unknown dvar 'bg_shock_volume_nonshock' in file 'shock/frag_grenade_mp.shock'
WARNING: unknown dvar 'bg_shock_volume_voice' in file 'shock/frag_grenade_mp.shock'
WARNING: unknown dvar 'bg_shock_volume_local' in file 'shock/frag_grenade_mp.shock'
WARNING: unknown dvar 'bg_shock_volume_local2' in file 'shock/frag_grenade_mp.shock'
WARNING: unknown dvar 'bg_shock_volume_ambient' in file 'shock/frag_grenade_mp.shock'
WARNING: unknown dvar 'bg_shock_volume_hurt' in file 'shock/frag_grenade_mp.shock'
WARNING: unknown dvar 'bg_shock_volume_player1' in file 'shock/frag_grenade_mp.shock'
WARNING: unknown dvar 'bg_shock_volume_player2' in file 'shock/frag_grenade_mp.shock'
WARNING: unknown dvar 'bg_shock_volume_music' in file 'shock/frag_grenade_mp.shock'
WARNING: unknown dvar 'bg_shock_volume_musicnopause' in file 'shock/frag_grenade_mp.shock'
WARNING: unknown dvar 'bg_shock_volume_mission' in file 'shock/frag_grenade_mp.shock'
WARNING: unknown dvar 'bg_shock_volume_announcer' in file 'shock/frag_grenade_mp.shock'
WARNING: unknown dvar 'bg_shock_volume_shellshock' in file 'shock/frag_grenade_mp.shock'
WARNING: unknown dvar 'bg_shock_volume_physics' in file 'shock/damage_mp.shock'
WARNING: unknown dvar 'bg_shock_volume_auto' in file 'shock/damage_mp.shock'
WARNING: unknown dvar 'bg_shock_volume_auto2' in file 'shock/damage_mp.shock'
WARNING: unknown dvar 'bg_shock_volume_autodog' in file 'shock/damage_mp.shock'
WARNING: unknown dvar 'bg_shock_volume_bulletimpact' in file 'shock/damage_mp.shock'
WARNING: unknown dvar 'bg_shock_volume_bulletwhizby' in file 'shock/damage_mp.shock'
WARNING: unknown dvar 'bg_shock_volume_element' in file 'shock/damage_mp.shock'
WARNING: unknown dvar 'bg_shock_volume_auto2d' in file 'shock/damage_mp.shock'
WARNING: unknown dvar 'bg_shock_volume_vehicle' in file 'shock/damage_mp.shock'
WARNING: unknown dvar 'bg_shock_volume_vehiclelimited' in file 'shock/damage_mp.shock'
WARNING: unknown dvar 'bg_shock_volume_menu' in file 'shock/damage_mp.shock'
WARNING: unknown dvar 'bg_shock_volume_body' in file 'shock/damage_mp.shock'
WARNING: unknown dvar 'bg_shock_volume_body2d' in file 'shock/damage_mp.shock'
WARNING: unknown dvar 'bg_shock_volume_reload' in file 'shock/damage_mp.shock'
WARNING: unknown dvar 'bg_shock_volume_reload2d' in file 'shock/damage_mp.shock'
WARNING: unknown dvar 'bg_shock_volume_item' in file 'shock/damage_mp.shock'
WARNING: unknown dvar 'bg_shock_volume_effects1' in file 'shock/damage_mp.shock'
WARNING: unknown dvar 'bg_shock_volume_effects2' in file 'shock/damage_mp.shock'
WARNING: unknown dvar 'bg_shock_volume_weapon' in file 'shock/damage_mp.shock'
WARNING: unknown dvar 'bg_shock_volume_weapon2d' in file 'shock/damage_mp.shock'
WARNING: unknown dvar 'bg_shock_volume_nonshock' in file 'shock/damage_mp.shock'
WARNING: unknown dvar 'bg_shock_volume_voice' in file 'shock/damage_mp.shock'
WARNING: unknown dvar 'bg_shock_volume_local' in file 'shock/damage_mp.shock'
WARNING: unknown dvar 'bg_shock_volume_local2' in file 'shock/damage_mp.shock'
WARNING: unknown dvar 'bg_shock_volume_ambient' in file 'shock/damage_mp.shock'
WARNING: unknown dvar 'bg_shock_volume_hurt' in file 'shock/damage_mp.shock'
WARNING: unknown dvar 'bg_shock_volume_player1' in file 'shock/damage_mp.shock'
WARNING: unknown dvar 'bg_shock_volume_player2' in file 'shock/damage_mp.shock'
WARNING: unknown dvar 'bg_shock_volume_music' in file 'shock/damage_mp.shock'
WARNING: unknown dvar 'bg_shock_volume_musicnopause' in file 'shock/damage_mp.shock'
WARNING: unknown dvar 'bg_shock_volume_mission' in file 'shock/damage_mp.shock'
WARNING: unknown dvar 'bg_shock_volume_announcer' in file 'shock/damage_mp.shock'
WARNING: unknown dvar 'bg_shock_volume_shellshock' in file 'shock/damage_mp.shock'
WARNING: unknown dvar 'bg_shock_volume_physics' in file 'shock/frag_grenade_mp.shock'
WARNING: unknown dvar 'bg_shock_volume_auto' in file 'shock/frag_grenade_mp.shock'
WARNING: unknown dvar 'bg_shock_volume_auto2' in file 'shock/frag_grenade_mp.shock'
WARNING: unknown dvar 'bg_shock_volume_autodog' in file 'shock/frag_grenade_mp.shock'
WARNING: unknown dvar 'bg_shock_volume_bulletimpact' in file 'shock/frag_grenade_mp.shock'
WARNING: unknown dvar 'bg_shock_volume_bulletwhizby' in file 'shock/frag_grenade_mp.shock'
WARNING: unknown dvar 'bg_shock_volume_element' in file 'shock/frag_grenade_mp.shock'
WARNING: unknown dvar 'bg_shock_volume_auto2d' in file 'shock/frag_grenade_mp.shock'
WARNING: unknown dvar 'bg_shock_volume_vehicle' in file 'shock/frag_grenade_mp.shock'
WARNING: unknown dvar 'bg_shock_volume_vehiclelimited' in file 'shock/frag_grenade_mp.shock'
WARNING: unknown dvar 'bg_shock_volume_menu' in file 'shock/frag_grenade_mp.shock'
WARNING: unknown dvar 'bg_shock_volume_body' in file 'shock/frag_grenade_mp.shock'
WARNING: unknown dvar 'bg_shock_volume_body2d' in file 'shock/frag_grenade_mp.shock'
WARNING: unknown dvar 'bg_shock_volume_reload' in file 'shock/frag_grenade_mp.shock'
WARNING: unknown dvar 'bg_shock_volume_reload2d' in file 'shock/frag_grenade_mp.shock'
WARNING: unknown dvar 'bg_shock_volume_item' in file 'shock/frag_grenade_mp.shock'
WARNING: unknown dvar 'bg_shock_volume_effects1' in file 'shock/frag_grenade_mp.shock'
WARNING: unknown dvar 'bg_shock_volume_effects2' in file 'shock/frag_grenade_mp.shock'
WARNING: unknown dvar 'bg_shock_volume_weapon' in file 'shock/frag_grenade_mp.shock'
WARNING: unknown dvar 'bg_shock_volume_weapon2d' in file 'shock/frag_grenade_mp.shock'
WARNING: unknown